[0913/195222.437:ERROR:process_reader_win.cc(123)] NtOpenThread: {Access Denied} A process has requested access to an object, but has not been granted those access rights. (0xc0000022)
[0913/195222.439:ERROR:exception_snapshot_win.cc(99)] thread ID 19756 not found in process
[0914/203456.276:ERROR:process_reader_win.cc(151)] SuspendThread: Access is denied. (0x5)
[0914/203456.279:ERROR:process_reader_win.cc(151)] SuspendThread: Access is denied. (0x5)
[0914/203456.279:ERROR:process_reader_win.cc(151)] SuspendThread: Access is denied. (0x5)
[0914/203456.279:ERROR:process_reader_win.cc(151)] SuspendThread: Access is denied. (0x5)
[0914/203456.279:ERROR:process_reader_win.cc(151)] SuspendThread: Access is denied. (0x5)
[0914/203456.279:ERROR:process_reader_win.cc(151)] SuspendThread: Access is denied. (0x5)
[0914/203456.279:ERROR:process_reader_win.cc(151)] SuspendThread: Access is denied. (0x5)
[0914/203456.279:ERROR:process_reader_win.cc(151)] SuspendThread: Access is denied. (0x5)
[0914/203456.279:ERROR:process_reader_win.cc(151)] SuspendThread: Access is denied. (0x5)
[0914/203456.279:ERROR:process_reader_win.cc(151)] SuspendThread: Access is denied. (0x5)
[0914/203456.279:ERROR:process_reader_win.cc(123)] NtOpenThread: {Access Denied} A process has requested access to an object, but has not been granted those access rights. (0xc0000022)
[0914/203456.281:ERROR:exception_snapshot_win.cc(99)] thread ID 6112 not found in process
[0914/203456.292:ERROR:process_reader_win.cc(151)] SuspendThread: Access is denied. (0x5)
[0914/203456.292:ERROR:process_reader_win.cc(151)] SuspendThread: Access is denied. (0x5)
[0914/203456.292:ERROR:process_reader_win.cc(151)] SuspendThread: Access is denied. (0x5)
[0914/203456.292:ERROR:process_reader_win.cc(151)] SuspendThread: Access is denied. (0x5)
[0914/203456.292:ERROR:process_reader_win.cc(151)] SuspendThread: Access is denied. (0x5)
[0914/203456.292:ERROR:process_reader_win.cc(151)] SuspendThread: Access is denied. (0x5)
[0914/203456.292:ERROR:process_reader_win.cc(151)] SuspendThread: Access is denied. (0x5)
[0914/203456.292:ERROR:process_reader_win.cc(151)] SuspendThread: Access is denied. (0x5)
[0914/203456.292:ERROR:process_reader_win.cc(151)] SuspendThread: Access is denied. (0x5)
[0914/203456.292:ERROR:process_reader_win.cc(151)] SuspendThread: Access is denied. (0x5)
[0914/203456.292:ERROR:process_reader_win.cc(123)] NtOpenThread: {Access Denied} A process has requested access to an object, but has not been granted those access rights. (0xc0000022)
[0914/203456.292:ERROR:exception_snapshot_win.cc(99)] thread ID 21628 not found in process
[0914/203456.307:ERROR:process_reader_win.cc(151)] SuspendThread: Access is denied. (0x5)
[0914/203456.307:ERROR:process_reader_win.cc(151)] SuspendThread: Access is denied. (0x5)
[0914/203456.307:ERROR:process_reader_win.cc(123)] NtOpenThread: {Access Denied} A process has requested access to an object, but has not been granted those access rights. (0xc0000022)
[0914/203456.307:ERROR:exception_snapshot_win.cc(99)] thread ID 4604 not found in process
[0914/203456.310:ERROR:process_reader_win.cc(151)] SuspendThread: Access is denied. (0x5)
[0914/203456.310:ERROR:process_reader_win.cc(151)] SuspendThread: Access is denied. (0x5)
[0914/203456.310:ERROR:process_reader_win.cc(151)] SuspendThread: Access is denied. (0x5)
[0914/203456.310:ERROR:process_reader_win.cc(151)] SuspendThread: Access is denied. (0x5)
[0914/203456.310:ERROR:process_reader_win.cc(151)] SuspendThread: Access is denied. (0x5)
[0914/203456.310:ERROR:process_reader_win.cc(151)] SuspendThread: Access is denied. (0x5)
[0914/203456.310:ERROR:process_reader_win.cc(151)] SuspendThread: Access is denied. (0x5)
[0914/203456.310:ERROR:process_reader_win.cc(151)] SuspendThread: Access is denied. (0x5)
[0914/203456.310:ERROR:process_reader_win.cc(151)] SuspendThread: Access is denied. (0x5)
[0914/203456.310:ERROR:process_reader_win.cc(151)] SuspendThread: Access is denied. (0x5)
[0914/203456.310:ERROR:process_reader_win.cc(151)] SuspendThread: Access is denied. (0x5)
[0914/203456.310:ERROR:process_reader_win.cc(123)] NtOpenThread: {Access Denied} A process has requested access to an object, but has not been granted those access rights. (0xc0000022)
[0914/203456.310:ERROR:exception_snapshot_win.cc(99)] thread ID 17504 not found in process
[0914/203456.316:ERROR:process_reader_win.cc(151)] SuspendThread: Access is denied. (0x5)
[0914/203456.316:ERROR:process_reader_win.cc(151)] SuspendThread: Access is denied. (0x5)
[0914/203456.316:ERROR:process_reader_win.cc(151)] SuspendThread: Access is denied. (0x5)
[0914/203456.316:ERROR:process_reader_win.cc(151)] SuspendThread: Access is denied. (0x5)
[0914/203456.316:ERROR:process_reader_win.cc(151)] SuspendThread: Access is denied. (0x5)
[0914/203456.316:ERROR:process_reader_win.cc(151)] SuspendThread: Access is denied. (0x5)
[0914/203456.316:ERROR:process_reader_win.cc(151)] SuspendThread: Access is denied. (0x5)
[0914/203456.316:ERROR:process_reader_win.cc(151)] SuspendThread: Access is denied. (0x5)
[0914/203456.316:ERROR:process_reader_win.cc(123)] NtOpenThread: {Access Denied} A process has requested access to an object, but has not been granted those access rights. (0xc0000022)
[0914/203456.316:ERROR:exception_snapshot_win.cc(99)] thread ID 2312 not found in process
[0914/203456.344:ERROR:process_reader_win.cc(151)] SuspendThread: Access is denied. (0x5)
[0914/203456.344:ERROR:process_reader_win.cc(151)] SuspendThread: Access is denied. (0x5)
[0914/203456.344:ERROR:process_reader_win.cc(151)] SuspendThread: Access is denied. (0x5)
[0914/203456.344:ERROR:process_reader_win.cc(151)] SuspendThread: Access is denied. (0x5)
[0914/203456.344:ERROR:process_reader_win.cc(151)] SuspendThread: Access is denied. (0x5)
[0914/203456.344:ERROR:process_reader_win.cc(151)] SuspendThread: Access is denied. (0x5)
[0914/203456.344:ERROR:process_reader_win.cc(151)] SuspendThread: Access is denied. (0x5)
[0914/203456.344:ERROR:process_reader_win.cc(151)] SuspendThread: Access is denied. (0x5)
[0914/203456.344:ERROR:process_reader_win.cc(151)] SuspendThread: Access is denied. (0x5)
[0914/203456.344:ERROR:process_reader_win.cc(123)] NtOpenThread: {Access Denied} A process has requested access to an object, but has not been granted those access rights. (0xc0000022)
[0914/203456.344:ERROR:exception_snapshot_win.cc(99)] thread ID 23568 not found in process
[0914/203456.345:ERROR:process_reader_win.cc(151)] SuspendThread: Access is denied. (0x5)
[0914/203456.345:ERROR:process_reader_win.cc(151)] SuspendThread: Access is denied. (0x5)
[0914/203456.345:ERROR:process_reader_win.cc(151)] SuspendThread: Access is denied. (0x5)
[0914/203456.345:ERROR:process_reader_win.cc(151)] SuspendThread: Access is denied. (0x5)
[0914/203456.345:ERROR:process_reader_win.cc(151)] SuspendThread: Access is denied. (0x5)
[0914/203456.345:ERROR:process_reader_win.cc(151)] SuspendThread: Access is denied. (0x5)
[0914/203456.345:ERROR:process_reader_win.cc(151)] SuspendThread: Access is denied. (0x5)
[0914/203456.345:ERROR:process_reader_win.cc(151)] SuspendThread: Access is denied. (0x5)
[0914/203456.345:ERROR:process_reader_win.cc(151)] SuspendThread: Access is denied. (0x5)
[0914/203456.345:ERROR:process_reader_win.cc(151)] SuspendThread: Access is denied. (0x5)
[0914/203456.345:ERROR:process_reader_win.cc(151)] SuspendThread: Access is denied. (0x5)
[0914/203456.345:ERROR:process_reader_win.cc(151)] SuspendThread: Access is denied. (0x5)
[0914/203456.346:ERROR:process_reader_win.cc(123)] NtOpenThread: {Access Denied} A process has requested access to an object, but has not been granted those access rights. (0xc0000022)
[0914/203456.346:ERROR:exception_snapshot_win.cc(99)] thread ID 21844 not found in process
[0914/203456.360:ERROR:process_reader_win.cc(151)] SuspendThread: Access is denied. (0x5)
[0914/203456.360:ERROR:process_reader_win.cc(151)] SuspendThread: Access is denied. (0x5)
[0914/203456.360:ERROR:process_reader_win.cc(151)] SuspendThread: Access is denied. (0x5)
[0914/203456.360:ERROR:process_reader_win.cc(151)] SuspendThread: Access is denied. (0x5)
[0914/203456.360:ERROR:process_reader_win.cc(151)] SuspendThread: Access is denied. (0x5)
[0914/203456.360:ERROR:process_reader_win.cc(151)] SuspendThread: Access is denied. (0x5)
[0914/203456.361:ERROR:process_reader_win.cc(151)] SuspendThread: Access is denied. (0x5)
[0914/203456.361:ERROR:process_reader_win.cc(151)] SuspendThread: Access is denied. (0x5)
[0914/203456.361:ERROR:process_reader_win.cc(151)] SuspendThread: Access is denied. (0x5)
[0914/203456.361:ERROR:process_reader_win.cc(151)] SuspendThread: Access is denied. (0x5)
[0914/203456.361:ERROR:process_reader_win.cc(123)] NtOpenThread: {Access Denied} A process has requested access to an object, but has not been granted those access rights. (0xc0000022)
[0914/203456.361:ERROR:exception_snapshot_win.cc(99)] thread ID 9056 not found in process
[0914/203456.363:ERROR:process_reader_win.cc(151)] SuspendThread: Access is denied. (0x5)
[0914/203456.363:ERROR:process_reader_win.cc(151)] SuspendThread: Access is denied. (0x5)
[0914/203456.363:ERROR:process_reader_win.cc(151)] SuspendThread: Access is denied. (0x5)
[0914/203456.363:ERROR:process_reader_win.cc(151)] SuspendThread: Access is denied. (0x5)
[0914/203456.363:ERROR:process_reader_win.cc(151)] SuspendThread: Access is denied. (0x5)
[0914/203456.363:ERROR:process_reader_win.cc(151)] SuspendThread: Access is denied. (0x5)
[0914/203456.364:ERROR:process_reader_win.cc(151)] SuspendThread: Access is denied. (0x5)
[0914/203456.364:ERROR:process_reader_win.cc(151)] SuspendThread: Access is denied. (0x5)
[0914/203456.364:ERROR:process_reader_win.cc(151)] SuspendThread: Access is denied. (0x5)
[0914/203456.364:ERROR:process_reader_win.cc(151)] SuspendThread: Access is denied. (0x5)
[0914/203456.364:ERROR:process_reader_win.cc(151)] SuspendThread: Access is denied. (0x5)
[0914/203456.364:ERROR:process_reader_win.cc(123)] NtOpenThread: {Access Denied} A process has requested access to an object, but has not been granted those access rights. (0xc0000022)
[0914/203456.364:ERROR:exception_snapshot_win.cc(99)] thread ID 16748 not found in process
[0914/203456.366:ERROR:process_reader_win.cc(151)] SuspendThread: Access is denied. (0x5)
[0914/203456.366:ERROR:process_reader_win.cc(151)] SuspendThread: Access is denied. (0x5)
[0914/203456.366:ERROR:process_reader_win.cc(151)] SuspendThread: Access is denied. (0x5)
[0914/203456.366:ERROR:process_reader_win.cc(151)] SuspendThread: Access is denied. (0x5)
[0914/203456.366:ERROR:process_reader_win.cc(151)] SuspendThread: Access is denied. (0x5)
[0914/203456.366:ERROR:process_reader_win.cc(151)] SuspendThread: Access is denied. (0x5)
[0914/203456.366:ERROR:process_reader_win.cc(151)] SuspendThread: Access is denied. (0x5)
[0914/203456.366:ERROR:process_reader_win.cc(151)] SuspendThread: Access is denied. (0x5)
[0914/203456.367:ERROR:process_reader_win.cc(151)] SuspendThread: Access is denied. (0x5)
[0914/203456.367:ERROR:process_reader_win.cc(151)] SuspendThread: Access is denied. (0x5)
[0914/203456.367:ERROR:process_reader_win.cc(151)] SuspendThread: Access is denied. (0x5)
[0914/203456.367:ERROR:process_reader_win.cc(123)] NtOpenThread: {Access Denied} A process has requested access to an object, but has not been granted those access rights. (0xc0000022)
[0914/203456.375:ERROR:exception_snapshot_win.cc(99)] thread ID 9996 not found in process
[0914/203456.392:ERROR:process_reader_win.cc(151)] SuspendThread: Access is denied. (0x5)
[0914/203456.392:ERROR:process_reader_win.cc(151)] SuspendThread: Access is denied. (0x5)
[0914/203456.392:ERROR:process_reader_win.cc(151)] SuspendThread: Access is denied. (0x5)
[0914/203456.392:ERROR:process_reader_win.cc(151)] SuspendThread: Access is denied. (0x5)
[0914/203456.392:ERROR:process_reader_win.cc(151)] SuspendThread: Access is denied. (0x5)
[0914/203456.392:ERROR:process_reader_win.cc(151)] SuspendThread: Access is denied. (0x5)
[0914/203456.392:ERROR:process_reader_win.cc(151)] SuspendThread: Access is denied. (0x5)
[0914/203456.392:ERROR:process_reader_win.cc(151)] SuspendThread: Access is denied. (0x5)
[0914/203456.392:ERROR:process_reader_win.cc(151)] SuspendThread: Access is denied. (0x5)
[0914/203456.393:ERROR:process_reader_win.cc(151)] SuspendThread: Access is denied. (0x5)
[0914/203456.393:ERROR:process_reader_win.cc(151)] SuspendThread: Access is denied. (0x5)
[0914/203456.393:ERROR:process_reader_win.cc(123)] NtOpenThread: {Access Denied} A process has requested access to an object, but has not been granted those access rights. (0xc0000022)
[0914/203456.393:ERROR:exception_snapshot_win.cc(99)] thread ID 2848 not found in process
[0914/203456.399:ERROR:process_reader_win.cc(151)] SuspendThread: Access is denied. (0x5)
[0914/203456.399:ERROR:process_reader_win.cc(151)] SuspendThread: Access is denied. (0x5)
[0914/203456.399:ERROR:process_reader_win.cc(151)] SuspendThread: Access is denied. (0x5)
[0914/203456.399:ERROR:process_reader_win.cc(151)] SuspendThread: Access is denied. (0x5)
[0914/203456.400:ERROR:process_reader_win.cc(151)] SuspendThread: Access is denied. (0x5)
[0914/203456.400:ERROR:process_reader_win.cc(151)] SuspendThread: Access is denied. (0x5)
[0914/203456.400:ERROR:process_reader_win.cc(151)] SuspendThread: Access is denied. (0x5)
[0914/203456.400:ERROR:process_reader_win.cc(151)] SuspendThread: Access is denied. (0x5)
[0914/203456.400:ERROR:process_reader_win.cc(151)] SuspendThread: Access is denied. (0x5)
[0914/203456.400:ERROR:process_reader_win.cc(151)] SuspendThread: Access is denied. (0x5)
[0914/203456.400:ERROR:process_reader_win.cc(151)] SuspendThread: Access is denied. (0x5)
[0914/203456.400:ERROR:process_reader_win.cc(123)] NtOpenThread: {Access Denied} A process has requested access to an object, but has not been granted those access rights. (0xc0000022)
[0914/203456.400:ERROR:exception_snapshot_win.cc(99)] thread ID 12124 not found in process
[0914/203456.418:ERROR:process_reader_win.cc(151)] SuspendThread: Access is denied. (0x5)
[0914/203456.418:ERROR:process_reader_win.cc(151)] SuspendThread: Access is denied. (0x5)
[0914/203456.418:ERROR:process_reader_win.cc(151)] SuspendThread: Access is denied. (0x5)
[0914/203456.418:ERROR:process_reader_win.cc(151)] SuspendThread: Access is denied. (0x5)
[0914/203456.418:ERROR:process_reader_win.cc(151)] SuspendThread: Access is denied. (0x5)
[0914/203456.418:ERROR:process_reader_win.cc(151)] SuspendThread: Access is denied. (0x5)
[0914/203456.418:ERROR:process_reader_win.cc(151)] SuspendThread: Access is denied. (0x5)
[0914/203456.418:ERROR:process_reader_win.cc(151)] SuspendThread: Access is denied. (0x5)
[0914/203456.418:ERROR:process_reader_win.cc(151)] SuspendThread: Access is denied. (0x5)
[0914/203456.418:ERROR:process_reader_win.cc(151)] SuspendThread: Access is denied. (0x5)
[0914/203456.418:ERROR:process_reader_win.cc(151)] SuspendThread: Access is denied. (0x5)
[0914/203456.418:ERROR:process_reader_win.cc(151)] SuspendThread: Access is denied. (0x5)
[0914/203456.418:ERROR:process_reader_win.cc(123)] NtOpenThread: {Access Denied} A process has requested access to an object, but has not been granted those access rights. (0xc0000022)
[0914/203456.418:ERROR:exception_snapshot_win.cc(99)] thread ID 11096 not found in process
[0914/203456.420:ERROR:process_reader_win.cc(151)] SuspendThread: Access is denied. (0x5)
[0914/203456.420:ERROR:process_reader_win.cc(151)] SuspendThread: Access is denied. (0x5)
[0914/203456.420:ERROR:process_reader_win.cc(151)] SuspendThread: Access is denied. (0x5)
[0914/203456.420:ERROR:process_reader_win.cc(151)] SuspendThread: Access is denied. (0x5)
[0914/203456.420:ERROR:process_reader_win.cc(151)] SuspendThread: Access is denied. (0x5)
[0914/203456.420:ERROR:process_reader_win.cc(151)] SuspendThread: Access is denied. (0x5)
[0914/203456.420:ERROR:process_reader_win.cc(151)] SuspendThread: Access is denied. (0x5)
[0914/203456.420:ERROR:process_reader_win.cc(151)] SuspendThread: Access is denied. (0x5)
[0914/203456.420:ERROR:process_reader_win.cc(151)] SuspendThread: Access is denied. (0x5)
[0914/203456.421:ERROR:process_reader_win.cc(151)] SuspendThread: Access is denied. (0x5)
[0914/203456.421:ERROR:process_reader_win.cc(151)] SuspendThread: Access is denied. (0x5)
[0914/203456.421:ERROR:process_reader_win.cc(123)] NtOpenThread: {Access Denied} A process has requested access to an object, but has not been granted those access rights. (0xc0000022)
[0914/203456.421:ERROR:exception_snapshot_win.cc(99)] thread ID 14252 not found in process
[0914/203456.425:ERROR:process_reader_win.cc(151)] SuspendThread: Access is denied. (0x5)
[0914/203456.425:ERROR:process_reader_win.cc(151)] SuspendThread: Access is denied. (0x5)
[0914/203456.425:ERROR:process_reader_win.cc(151)] SuspendThread: Access is denied. (0x5)
[0914/203456.425:ERROR:process_reader_win.cc(151)] SuspendThread: Access is denied. (0x5)
[0914/203456.425:ERROR:process_reader_win.cc(151)] SuspendThread: Access is denied. (0x5)
[0914/203456.425:ERROR:process_reader_win.cc(151)] SuspendThread: Access is denied. (0x5)
[0914/203456.425:ERROR:process_reader_win.cc(151)] SuspendThread: Access is denied. (0x5)
[0914/203456.425:ERROR:process_reader_win.cc(151)] SuspendThread: Access is denied. (0x5)
[0914/203456.425:ERROR:process_reader_win.cc(151)] SuspendThread: Access is denied. (0x5)
[0914/203456.425:ERROR:process_reader_win.cc(151)] SuspendThread: Access is denied. (0x5)
[0914/203456.425:ERROR:process_reader_win.cc(151)] SuspendThread: Access is denied. (0x5)
[0914/203456.425:ERROR:process_reader_win.cc(123)] NtOpenThread: {Access Denied} A process has requested access to an object, but has not been granted those access rights. (0xc0000022)
[0914/203456.425:ERROR:exception_snapshot_win.cc(99)] thread ID 24556 not found in process
[0914/203456.440:ERROR:process_reader_win.cc(151)] SuspendThread: Access is denied. (0x5)
[0914/203456.440:ERROR:process_reader_win.cc(151)] SuspendThread: Access is denied. (0x5)
[0914/203456.440:ERROR:process_reader_win.cc(123)] NtOpenThread: {Access Denied} A process has requested access to an object, but has not been granted those access rights. (0xc0000022)
[0914/203456.440:ERROR:exception_snapshot_win.cc(99)] thread ID 6316 not found in process
[0914/203456.448:ERROR:process_reader_win.cc(151)] SuspendThread: Access is denied. (0x5)
[0914/203456.449:ERROR:process_reader_win.cc(151)] SuspendThread: Access is denied. (0x5)
[0914/203456.449:ERROR:process_reader_win.cc(123)] NtOpenThread: {Access Denied} A process has requested access to an object, but has not been granted those access rights. (0xc0000022)
[0914/203456.449:ERROR:exception_snapshot_win.cc(99)] thread ID 22312 not found in process
[0916/195125.521:ERROR:process_reader_win.cc(123)] NtOpenThread: {Access Denied} A process has requested access to an object, but has not been granted those access rights. (0xc0000022)
[0916/195125.524:ERROR:exception_snapshot_win.cc(99)] thread ID 19672 not found in process
[0916/195125.561:ERROR:process_reader_win.cc(123)] NtOpenThread: {Access Denied} A process has requested access to an object, but has not been granted those access rights. (0xc0000022)
[0916/195125.562:ERROR:exception_snapshot_win.cc(99)] thread ID 4800 not found in process
[0919/200454.982:ERROR:process_reader_win.cc(123)] NtOpenThread: {Access Denied} A process has requested access to an object, but has not been granted those access rights. (0xc0000022)
[0919/200454.984:ERROR:exception_snapshot_win.cc(99)] thread ID 4992 not found in process
[0920/201246.026:ERROR:process_reader_win.cc(123)] NtOpenThread: {Access Denied} A process has requested access to an object, but has not been granted those access rights. (0xc0000022)
[0920/201246.029:ERROR:exception_snapshot_win.cc(99)] thread ID 24876 not found in process
[0921/200503.680:ERROR:process_reader_win.cc(123)] NtOpenThread: {Access Denied} A process has requested access to an object, but has not been granted those access rights. (0xc0000022)
[0921/200503.684:ERROR:exception_snapshot_win.cc(99)] thread ID 12848 not found in process
[0921/200503.687:ERROR:process_reader_win.cc(123)] NtOpenThread: {Access Denied} A process has requested access to an object, but has not been granted those access rights. (0xc0000022)
[0921/200503.687:ERROR:exception_snapshot_win.cc(99)] thread ID 24140 not found in process
[0921/200503.692:ERROR:process_reader_win.cc(123)] NtOpenThread: {Access Denied} A process has requested access to an object, but has not been granted those access rights. (0xc0000022)
[0921/200503.692:ERROR:process_reader_win.cc(123)] NtOpenThread: {Access Denied} A process has requested access to an object, but has not been granted those access rights. (0xc0000022)
[0921/200503.692:ERROR:process_reader_win.cc(123)] NtOpenThread: {Access Denied} A process has requested access to an object, but has not been granted those access rights. (0xc0000022)
[0921/200503.692:ERROR:exception_snapshot_win.cc(99)] thread ID 8336 not found in process
[0921/200503.692:ERROR:exception_snapshot_win.cc(99)] thread ID 23784 not found in process
[0921/200503.692:ERROR:exception_snapshot_win.cc(99)] thread ID 10864 not found in process
[0921/200503.715:ERROR:process_reader_win.cc(123)] NtOpenThread: {Access Denied} A process has requested access to an object, but has not been granted those access rights. (0xc0000022)
[0921/200503.715:ERROR:exception_snapshot_win.cc(99)] thread ID 13260 not found in process
[1019/123646.562:ERROR:directory_reader_win.cc(43)] FindFirstFile: The system cannot find the path specified. (0x3)
[1020/083440.616:ERROR:directory_reader_win.cc(43)] FindFirstFile: The system cannot find the path specified. (0x3)
[1020/095735.306:ERROR:directory_reader_win.cc(43)] FindFirstFile: The system cannot find the path specified. (0x3)
[1020/200243.903:ERROR:process_reader_win.cc(151)] SuspendThread: Access is denied. (0x5)
[1020/200243.903:ERROR:process_reader_win.cc(123)] NtOpenThread: {Access Denied} A process has requested access to an object, but has not been granted those access rights. (0xc0000022)
[1020/200243.904:ERROR:process_reader_win.cc(123)] NtOpenThread: {Access Denied} A process has requested access to an object, but has not been granted those access rights. (0xc0000022)
[1020/200243.905:ERROR:exception_snapshot_win.cc(99)] thread ID 1216 not found in process
[1020/200243.905:ERROR:exception_snapshot_win.cc(99)] thread ID 12080 not found in process
[1020/200243.909:ERROR:process_reader_win.cc(151)] SuspendThread: Access is denied. (0x5)
[1020/200243.909:ERROR:process_reader_win.cc(123)] NtOpenThread: {Access Denied} A process has requested access to an object, but has not been granted those access rights. (0xc0000022)
[1020/200243.909:ERROR:exception_snapshot_win.cc(99)] thread ID 17328 not found in process
[1021/121811.281:ERROR:directory_reader_win.cc(43)] FindFirstFile: The system cannot find the path specified. (0x3)
[1113/053337.933:ERROR:directory_reader_win.cc(43)] FindFirstFile: The system cannot find the path specified. (0x3)
[1116/162903.554:ERROR:directory_reader_win.cc(43)] FindFirstFile: The system cannot find the path specified. (0x3)
[1124/160218.359:ERROR:directory_reader_win.cc(43)] FindFirstFile: The system cannot find the path specified. (0x3)
[1126/123801.720:ERROR:directory_reader_win.cc(43)] FindFirstFile: The system cannot find the path specified. (0x3)
[1129/160949.819:ERROR:directory_reader_win.cc(43)] FindFirstFile: The system cannot find the path specified. (0x3)
[1201/124430.011:ERROR:directory_reader_win.cc(43)] FindFirstFile: The system cannot find the path specified. (0x3)
[1202/113003.862:ERROR:directory_reader_win.cc(43)] FindFirstFile: The system cannot find the path specified. (0x3)
[1202/202109.869:ERROR:process_reader_win.cc(123)] NtOpenThread: {Access Denied} A process has requested access to an object, but has not been granted those access rights. (0xc0000022)
[1202/202109.871:ERROR:exception_snapshot_win.cc(99)] thread ID 19028 not found in process
[1202/202109.871:ERROR:process_reader_win.cc(123)] NtOpenThread: {Access Denied} A process has requested access to an object, but has not been granted those access rights. (0xc0000022)
[1202/202109.871:ERROR:exception_snapshot_win.cc(99)] thread ID 20452 not found in process
[1202/202109.869:ERROR:process_reader_win.cc(123)] NtOpenThread: {Access Denied} A process has requested access to an object, but has not been granted those access rights. (0xc0000022)
[1202/202109.872:ERROR:exception_snapshot_win.cc(99)] thread ID 14776 not found in process
[1202/202109.894:ERROR:process_reader_win.cc(123)] NtOpenThread: {Access Denied} A process has requested access to an object, but has not been granted those access rights. (0xc0000022)
[1202/202109.894:ERROR:exception_snapshot_win.cc(99)] thread ID 19240 not found in process
[1202/202109.950:ERROR:process_reader_win.cc(123)] NtOpenThread: {Access Denied} A process has requested access to an object, but has not been granted those access rights. (0xc0000022)
[1202/202109.950:ERROR:exception_snapshot_win.cc(99)] thread ID 17096 not found in process
[1202/202109.961:ERROR:process_reader_win.cc(123)] NtOpenThread: {Access Denied} A process has requested access to an object, but has not been granted those access rights. (0xc0000022)
[1202/202109.961:ERROR:process_reader_win.cc(123)] NtOpenThread: {Access Denied} A process has requested access to an object, but has not been granted those access rights. (0xc0000022)
[1202/202109.961:ERROR:exception_snapshot_win.cc(99)] thread ID 19912 not found in process
[1202/202109.961:ERROR:exception_snapshot_win.cc(99)] thread ID 21852 not found in process
[1202/202109.968:ERROR:process_reader_win.cc(123)] NtOpenThread: {Access Denied} A process has requested access to an object, but has not been granted those access rights. (0xc0000022)
[1202/202109.968:ERROR:exception_snapshot_win.cc(99)] thread ID 18516 not found in process
[1209/150948.371:ERROR:directory_reader_win.cc(43)] FindFirstFile: The system cannot find the path specified. (0x3)
[1209/184804.807:ERROR:process_reader_win.cc(151)] SuspendThread: Access is denied. (0x5)
[1209/184804.809:ERROR:process_reader_win.cc(151)] SuspendThread: Access is denied. (0x5)
[1209/184804.816:ERROR:process_reader_win.cc(151)] SuspendThread: Access is denied. (0x5)
[1209/184804.816:ERROR:process_reader_win.cc(151)] SuspendThread: Access is denied. (0x5)
[1209/184804.816:ERROR:process_reader_win.cc(151)] SuspendThread: Access is denied. (0x5)
[1209/184804.816:ERROR:process_reader_win.cc(151)] SuspendThread: Access is denied. (0x5)
[1209/184804.816:ERROR:process_reader_win.cc(151)] SuspendThread: Access is denied. (0x5)
[1209/184804.816:ERROR:process_reader_win.cc(151)] SuspendThread: Access is denied. (0x5)
[1209/184804.816:ERROR:process_reader_win.cc(151)] SuspendThread: Access is denied. (0x5)
[1209/184804.816:ERROR:process_reader_win.cc(151)] SuspendThread: Access is denied. (0x5)
[1209/184804.816:ERROR:process_reader_win.cc(151)] SuspendThread: Access is denied. (0x5)
[1209/184804.816:ERROR:process_reader_win.cc(151)] SuspendThread: Access is denied. (0x5)
[1209/184804.816:ERROR:process_reader_win.cc(151)] SuspendThread: Access is denied. (0x5)
[1209/184804.812:ERROR:process_reader_win.cc(123)] NtOpenThread: {Access Denied} A process has requested access to an object, but has not been granted those access rights. (0xc0000022)
[1209/184804.817:ERROR:exception_snapshot_win.cc(99)] thread ID 3208 not found in process
[1209/184804.817:ERROR:process_reader_win.cc(151)] SuspendThread: Access is denied. (0x5)
[1209/184804.817:ERROR:process_reader_win.cc(151)] SuspendThread: Access is denied. (0x5)
[1209/184804.817:ERROR:process_reader_win.cc(123)] NtOpenThread: {Access Denied} A process has requested access to an object, but has not been granted those access rights. (0xc0000022)
[1209/184804.817:ERROR:process_reader_win.cc(151)] SuspendThread: Access is denied. (0x5)
[1209/184804.817:ERROR:exception_snapshot_win.cc(99)] thread ID 9676 not found in process
[1209/184804.817:ERROR:process_reader_win.cc(151)] SuspendThread: Access is denied. (0x5)
[1209/184804.817:ERROR:process_reader_win.cc(151)] SuspendThread: Access is denied. (0x5)
[1209/184804.817:ERROR:process_reader_win.cc(151)] SuspendThread: Access is denied. (0x5)
[1209/184804.817:ERROR:process_reader_win.cc(151)] SuspendThread: Access is denied. (0x5)
[1209/184804.817:ERROR:process_reader_win.cc(151)] SuspendThread: Access is denied. (0x5)
[1209/184804.817:ERROR:process_reader_win.cc(123)] NtOpenThread: {Access Denied} A process has requested access to an object, but has not been granted those access rights. (0xc0000022)
[1209/184804.817:ERROR:exception_snapshot_win.cc(99)] thread ID 7580 not found in process
[1209/184804.826:ERROR:process_reader_win.cc(151)] SuspendThread: Access is denied. (0x5)
[1209/184804.827:ERROR:process_reader_win.cc(151)] SuspendThread: Access is denied. (0x5)
[1209/184804.835:ERROR:process_reader_win.cc(151)] SuspendThread: Access is denied. (0x5)
[1209/184804.835:ERROR:process_reader_win.cc(151)] SuspendThread: Access is denied. (0x5)
[1209/184804.835:ERROR:process_reader_win.cc(151)] SuspendThread: Access is denied. (0x5)
[1209/184804.835:ERROR:process_reader_win.cc(151)] SuspendThread: Access is denied. (0x5)
[1209/184804.835:ERROR:process_reader_win.cc(151)] SuspendThread: Access is denied. (0x5)
[1209/184804.835:ERROR:process_reader_win.cc(151)] SuspendThread: Access is denied. (0x5)
[1209/184804.835:ERROR:process_reader_win.cc(151)] SuspendThread: Access is denied. (0x5)
[1209/184804.836:ERROR:process_reader_win.cc(151)] SuspendThread: Access is denied. (0x5)
[1209/184804.836:ERROR:process_reader_win.cc(123)] NtOpenThread: {Access Denied} A process has requested access to an object, but has not been granted those access rights. (0xc0000022)
[1209/184804.836:ERROR:exception_snapshot_win.cc(99)] thread ID 14700 not found in process
[1209/184804.868:ERROR:process_reader_win.cc(151)] SuspendThread: Access is denied. (0x5)
[1209/184804.868:ERROR:process_reader_win.cc(151)] SuspendThread: Access is denied. (0x5)
[1209/184804.869:ERROR:process_reader_win.cc(151)] SuspendThread: Access is denied. (0x5)
[1209/184804.869:ERROR:process_reader_win.cc(151)] SuspendThread: Access is denied. (0x5)
[1209/184804.869:ERROR:process_reader_win.cc(151)] SuspendThread: Access is denied. (0x5)
[1209/184804.869:ERROR:process_reader_win.cc(151)] SuspendThread: Access is denied. (0x5)
[1209/184804.869:ERROR:process_reader_win.cc(151)] SuspendThread: Access is denied. (0x5)
[1209/184804.869:ERROR:process_reader_win.cc(151)] SuspendThread: Access is denied. (0x5)
[1209/184804.869:ERROR:process_reader_win.cc(151)] SuspendThread: Access is denied. (0x5)
[1209/184804.869:ERROR:process_reader_win.cc(151)] SuspendThread: Access is denied. (0x5)
[1209/184804.869:ERROR:process_reader_win.cc(151)] SuspendThread: Access is denied. (0x5)
[1209/184804.869:ERROR:process_reader_win.cc(151)] SuspendThread: Access is denied. (0x5)
[1209/184804.869:ERROR:process_reader_win.cc(151)] SuspendThread: Access is denied. (0x5)
[1209/184804.869:ERROR:process_reader_win.cc(151)] SuspendThread: Access is denied. (0x5)
[1209/184804.869:ERROR:process_reader_win.cc(151)] SuspendThread: Access is denied. (0x5)
[1209/184804.869:ERROR:process_reader_win.cc(151)] SuspendThread: Access is denied. (0x5)
[1209/184804.869:ERROR:process_reader_win.cc(151)] SuspendThread: Access is denied. (0x5)
[1209/184804.869:ERROR:process_reader_win.cc(151)] SuspendThread: Access is denied. (0x5)
[1209/184804.869:ERROR:process_reader_win.cc(123)] NtOpenThread: {Access Denied} A process has requested access to an object, but has not been granted those access rights. (0xc0000022)
[1209/184804.869:ERROR:process_reader_win.cc(151)] SuspendThread: Access is denied. (0x5)
[1209/184804.869:ERROR:exception_snapshot_win.cc(99)] thread ID 9508 not found in process
[1209/184804.869:ERROR:process_reader_win.cc(151)] SuspendThread: Access is denied. (0x5)
[1209/184804.869:ERROR:process_reader_win.cc(151)] SuspendThread: Access is denied. (0x5)
[1209/184804.869:ERROR:process_reader_win.cc(123)] NtOpenThread: {Access Denied} A process has requested access to an object, but has not been granted those access rights. (0xc0000022)
[1209/184804.869:ERROR:exception_snapshot_win.cc(99)] thread ID 1604 not found in process
[1209/184804.885:ERROR:process_reader_win.cc(151)] SuspendThread: Access is denied. (0x5)
[1209/184804.885:ERROR:process_reader_win.cc(151)] SuspendThread: Access is denied. (0x5)
[1209/184804.885:ERROR:process_reader_win.cc(151)] SuspendThread: Access is denied. (0x5)
[1209/184804.885:ERROR:process_reader_win.cc(151)] SuspendThread: Access is denied. (0x5)
[1209/184804.885:ERROR:process_reader_win.cc(151)] SuspendThread: Access is denied. (0x5)
[1209/184804.885:ERROR:process_reader_win.cc(151)] SuspendThread: Access is denied. (0x5)
[1209/184804.885:ERROR:process_reader_win.cc(151)] SuspendThread: Access is denied. (0x5)
[1209/184804.885:ERROR:process_reader_win.cc(151)] SuspendThread: Access is denied. (0x5)
[1209/184804.885:ERROR:process_reader_win.cc(151)] SuspendThread: Access is denied. (0x5)
[1209/184804.885:ERROR:process_reader_win.cc(151)] SuspendThread: Access is denied. (0x5)
[1209/184804.885:ERROR:process_reader_win.cc(123)] NtOpenThread: {Access Denied} A process has requested access to an object, but has not been granted those access rights. (0xc0000022)
[1209/184804.885:ERROR:exception_snapshot_win.cc(99)] thread ID 9960 not found in process
[1209/184804.896:ERROR:process_reader_win.cc(151)] SuspendThread: Access is denied. (0x5)
[1209/184804.896:ERROR:process_reader_win.cc(151)] SuspendThread: Access is denied. (0x5)
[1209/184804.896:ERROR:process_reader_win.cc(151)] SuspendThread: Access is denied. (0x5)
[1209/184804.896:ERROR:process_reader_win.cc(151)] SuspendThread: Access is denied. (0x5)
[1209/184804.896:ERROR:process_reader_win.cc(151)] SuspendThread: Access is denied. (0x5)
[1209/184804.896:ERROR:process_reader_win.cc(151)] SuspendThread: Access is denied. (0x5)
[1209/184804.896:ERROR:process_reader_win.cc(151)] SuspendThread: Access is denied. (0x5)
[1209/184804.896:ERROR:process_reader_win.cc(151)] SuspendThread: Access is denied. (0x5)
[1209/184804.896:ERROR:process_reader_win.cc(151)] SuspendThread: Access is denied. (0x5)
[1209/184804.896:ERROR:process_reader_win.cc(123)] NtOpenThread: {Access Denied} A process has requested access to an object, but has not been granted those access rights. (0xc0000022)
[1209/184804.896:ERROR:exception_snapshot_win.cc(99)] thread ID 16004 not found in process
[1209/184804.925:ERROR:process_reader_win.cc(151)] SuspendThread: Access is denied. (0x5)
[1209/184804.925:ERROR:process_reader_win.cc(151)] SuspendThread: Access is denied. (0x5)
[1209/184804.925:ERROR:process_reader_win.cc(123)] NtOpenThread: {Access Denied} A process has requested access to an object, but has not been granted those access rights. (0xc0000022)
[1209/184804.925:ERROR:exception_snapshot_win.cc(99)] thread ID 14908 not found in process
[1215/184500.558:ERROR:process_info.cc(329)] VirtualQueryEx: Access is denied. (0x5)
[1215/184500.559:ERROR:process_info.cc(556)] ReadMemoryInfo failed
[1215/184500.559:ERROR:scoped_process_suspend.cc(40)] NtResumeProcess: An attempt was made to access an exiting process. (0xc000010a)
[1215/184500.563:ERROR:process_info.cc(329)] VirtualQueryEx: Access is denied. (0x5)
[1215/184500.563:ERROR:process_info.cc(556)] ReadMemoryInfo failed
[1215/184500.563:ERROR:scoped_process_suspend.cc(40)] NtResumeProcess: An attempt was made to access an exiting process. (0xc000010a)
[1216/163155.036:ERROR:directory_reader_win.cc(43)] FindFirstFile: The system cannot find the path specified. (0x3)
[1220/034253.749:ERROR:directory_reader_win.cc(43)] FindFirstFile: The system cannot find the path specified. (0x3)
[1221/040947.929:ERROR:directory_reader_win.cc(43)] FindFirstFile: The system cannot find the path specified. (0x3)
[1222/050321.202:ERROR:directory_reader_win.cc(43)] FindFirstFile: The system cannot find the path specified. (0x3)
[0117/023735.801:ERROR:directory_reader_win.cc(43)] FindFirstFile: The system cannot find the path specified. (0x3)
[0118/162829.470:ERROR:directory_reader_win.cc(43)] FindFirstFile: The system cannot find the path specified. (0x3)
[0119/132744.619:ERROR:directory_reader_win.cc(43)] FindFirstFile: The system cannot find the path specified. (0x3)
[0121/092745.062:ERROR:directory_reader_win.cc(43)] FindFirstFile: The system cannot find the path specified. (0x3)
[0121/140709.603:ERROR:directory_reader_win.cc(43)] FindFirstFile: The system cannot find the path specified. (0x3)
[0123/183745.459:ERROR:directory_reader_win.cc(43)] FindFirstFile: The system cannot find the path specified. (0x3)
[0124/061324.100:ERROR:directory_reader_win.cc(43)] FindFirstFile: The system cannot find the path specified. (0x3)
[0124/192609.132:ERROR:process_reader_win.cc(151)] SuspendThread: Access is denied. (0x5)
[0124/192609.133:ERROR:process_reader_win.cc(151)] SuspendThread: Access is denied. (0x5)
[0124/192609.132:ERROR:process_reader_win.cc(151)] SuspendThread: Access is denied. (0x5)
[0124/192609.133:ERROR:process_reader_win.cc(151)] SuspendThread: Access is denied. (0x5)
[0124/192609.133:ERROR:process_reader_win.cc(123)] NtOpenThread: {Access Denied} A process has requested access to an object, but has not been granted those access rights. (0xc0000022)
[0124/192609.134:ERROR:exception_snapshot_win.cc(99)] thread ID 15968 not found in process
[0124/192609.133:ERROR:process_reader_win.cc(123)] NtOpenThread: {Access Denied} A process has requested access to an object, but has not been granted those access rights. (0xc0000022)
[0124/192609.134:ERROR:exception_snapshot_win.cc(99)] thread ID 9724 not found in process
[0124/192609.137:ERROR:process_reader_win.cc(151)] SuspendThread: Access is denied. (0x5)
[0124/192609.137:ERROR:process_reader_win.cc(151)] SuspendThread: Access is denied. (0x5)
[0124/192609.137:ERROR:process_reader_win.cc(123)] NtOpenThread: {Access Denied} A process has requested access to an object, but has not been granted those access rights. (0xc0000022)
[0124/192609.137:ERROR:exception_snapshot_win.cc(99)] thread ID 9780 not found in process
[0124/192609.183:ERROR:process_reader_win.cc(151)] SuspendThread: Access is denied. (0x5)
[0124/192609.184:ERROR:process_reader_win.cc(151)] SuspendThread: Access is denied. (0x5)
[0124/192609.184:ERROR:process_reader_win.cc(151)] SuspendThread: Access is denied. (0x5)
[0124/192609.184:ERROR:process_reader_win.cc(151)] SuspendThread: Access is denied. (0x5)
[0124/192609.184:ERROR:process_reader_win.cc(151)] SuspendThread: Access is denied. (0x5)
[0124/192609.184:ERROR:process_reader_win.cc(151)] SuspendThread: Access is denied. (0x5)
[0124/192609.184:ERROR:process_reader_win.cc(151)] SuspendThread: Access is denied. (0x5)
[0124/192609.184:ERROR:process_reader_win.cc(151)] SuspendThread: Access is denied. (0x5)
[0124/192609.184:ERROR:process_reader_win.cc(151)] SuspendThread: Access is denied. (0x5)
[0124/192609.184:ERROR:process_reader_win.cc(151)] SuspendThread: Access is denied. (0x5)
[0124/192609.184:ERROR:process_reader_win.cc(151)] SuspendThread: Access is denied. (0x5)
[0124/192609.184:ERROR:process_reader_win.cc(151)] SuspendThread: Access is denied. (0x5)
[0124/192609.184:ERROR:process_reader_win.cc(151)] SuspendThread: Access is denied. (0x5)
[0124/192609.184:ERROR:process_reader_win.cc(123)] NtOpenThread: {Access Denied} A process has requested access to an object, but has not been granted those access rights. (0xc0000022)
[0124/192609.184:ERROR:exception_snapshot_win.cc(99)] thread ID 2428 not found in process
[0124/192609.191:ERROR:process_reader_win.cc(151)] SuspendThread: Access is denied. (0x5)
[0124/192609.191:ERROR:process_reader_win.cc(151)] SuspendThread: Access is denied. (0x5)
[0124/192609.191:ERROR:process_reader_win.cc(151)] SuspendThread: Access is denied. (0x5)
[0124/192609.191:ERROR:process_reader_win.cc(151)] SuspendThread: Access is denied. (0x5)
[0124/192609.191:ERROR:process_reader_win.cc(151)] SuspendThread: Access is denied. (0x5)
[0124/192609.191:ERROR:process_reader_win.cc(151)] SuspendThread: Access is denied. (0x5)
[0124/192609.191:ERROR:process_reader_win.cc(151)] SuspendThread: Access is denied. (0x5)
[0124/192609.191:ERROR:process_reader_win.cc(151)] SuspendThread: Access is denied. (0x5)
[0124/192609.191:ERROR:process_reader_win.cc(151)] SuspendThread: Access is denied. (0x5)
[0124/192609.191:ERROR:process_reader_win.cc(151)] SuspendThread: Access is denied. (0x5)
[0124/192609.191:ERROR:process_reader_win.cc(151)] SuspendThread: Access is denied. (0x5)
[0124/192609.191:ERROR:process_reader_win.cc(151)] SuspendThread: Access is denied. (0x5)
[0124/192609.192:ERROR:process_reader_win.cc(151)] SuspendThread: Access is denied. (0x5)
[0124/192609.192:ERROR:process_reader_win.cc(123)] NtOpenThread: {Access Denied} A process has requested access to an object, but has not been granted those access rights. (0xc0000022)
[0124/192609.192:ERROR:exception_snapshot_win.cc(99)] thread ID 7616 not found in process
[0124/192609.213:ERROR:process_reader_win.cc(151)] SuspendThread: Access is denied. (0x5)
[0124/192609.213:ERROR:process_reader_win.cc(151)] SuspendThread: Access is denied. (0x5)
[0124/192609.213:ERROR:process_reader_win.cc(151)] SuspendThread: Access is denied. (0x5)
[0124/192609.213:ERROR:process_reader_win.cc(151)] SuspendThread: Access is denied. (0x5)
[0124/192609.213:ERROR:process_reader_win.cc(151)] SuspendThread: Access is denied. (0x5)
[0124/192609.213:ERROR:process_reader_win.cc(151)] SuspendThread: Access is denied. (0x5)
[0124/192609.213:ERROR:process_reader_win.cc(151)] SuspendThread: Access is denied. (0x5)
[0124/192609.213:ERROR:process_reader_win.cc(151)] SuspendThread: Access is denied. (0x5)
[0124/192609.213:ERROR:process_reader_win.cc(151)] SuspendThread: Access is denied. (0x5)
[0124/192609.213:ERROR:process_reader_win.cc(151)] SuspendThread: Access is denied. (0x5)
[0124/192609.214:ERROR:process_reader_win.cc(151)] SuspendThread: Access is denied. (0x5)
[0124/192609.214:ERROR:process_reader_win.cc(151)] SuspendThread: Access is denied. (0x5)
[0124/192609.214:ERROR:process_reader_win.cc(151)] SuspendThread: Access is denied. (0x5)
[0124/192609.214:ERROR:process_reader_win.cc(123)] NtOpenThread: {Access Denied} A process has requested access to an object, but has not been granted those access rights. (0xc0000022)
[0124/192609.214:ERROR:exception_snapshot_win.cc(99)] thread ID 12292 not found in process
[0124/192609.231:ERROR:process_reader_win.cc(151)] SuspendThread: Access is denied. (0x5)
[0124/192609.231:ERROR:process_reader_win.cc(151)] SuspendThread: Access is denied. (0x5)
[0124/192609.232:ERROR:process_reader_win.cc(151)] SuspendThread: Access is denied. (0x5)
[0124/192609.232:ERROR:process_reader_win.cc(151)] SuspendThread: Access is denied. (0x5)
[0124/192609.232:ERROR:process_reader_win.cc(151)] SuspendThread: Access is denied. (0x5)
[0124/192609.232:ERROR:process_reader_win.cc(151)] SuspendThread: Access is denied. (0x5)
[0124/192609.232:ERROR:process_reader_win.cc(151)] SuspendThread: Access is denied. (0x5)
[0124/192609.232:ERROR:process_reader_win.cc(151)] SuspendThread: Access is denied. (0x5)
[0124/192609.232:ERROR:process_reader_win.cc(151)] SuspendThread: Access is denied. (0x5)
[0124/192609.232:ERROR:process_reader_win.cc(151)] SuspendThread: Access is denied. (0x5)
[0124/192609.232:ERROR:process_reader_win.cc(151)] SuspendThread: Access is denied. (0x5)
[0124/192609.232:ERROR:process_reader_win.cc(151)] SuspendThread: Access is denied. (0x5)
[0124/192609.232:ERROR:process_reader_win.cc(151)] SuspendThread: Access is denied. (0x5)
[0124/192609.232:ERROR:process_reader_win.cc(123)] NtOpenThread: {Access Denied} A process has requested access to an object, but has not been granted those access rights. (0xc0000022)
[0124/192609.232:ERROR:exception_snapshot_win.cc(99)] thread ID 7892 not found in process
[0124/192609.239:ERROR:process_reader_win.cc(151)] SuspendThread: Access is denied. (0x5)
[0124/192609.239:ERROR:process_reader_win.cc(151)] SuspendThread: Access is denied. (0x5)
[0124/192609.239:ERROR:process_reader_win.cc(151)] SuspendThread: Access is denied. (0x5)
[0124/192609.239:ERROR:process_reader_win.cc(151)] SuspendThread: Access is denied. (0x5)
[0124/192609.239:ERROR:process_reader_win.cc(151)] SuspendThread: Access is denied. (0x5)
[0124/192609.239:ERROR:process_reader_win.cc(151)] SuspendThread: Access is denied. (0x5)
[0124/192609.239:ERROR:process_reader_win.cc(151)] SuspendThread: Access is denied. (0x5)
[0124/192609.239:ERROR:process_reader_win.cc(151)] SuspendThread: Access is denied. (0x5)
[0124/192609.239:ERROR:process_reader_win.cc(151)] SuspendThread: Access is denied. (0x5)
[0124/192609.239:ERROR:process_reader_win.cc(151)] SuspendThread: Access is denied. (0x5)
[0124/192609.240:ERROR:process_reader_win.cc(151)] SuspendThread: Access is denied. (0x5)
[0124/192609.240:ERROR:process_reader_win.cc(151)] SuspendThread: Access is denied. (0x5)
[0124/192609.240:ERROR:process_reader_win.cc(151)] SuspendThread: Access is denied. (0x5)
[0124/192609.240:ERROR:process_reader_win.cc(123)] NtOpenThread: {Access Denied} A process has requested access to an object, but has not been granted those access rights. (0xc0000022)
[0124/192609.240:ERROR:exception_snapshot_win.cc(99)] thread ID 13596 not found in process
[0124/192609.244:ERROR:process_reader_win.cc(151)] SuspendThread: Access is denied. (0x5)
[0124/192609.244:ERROR:process_reader_win.cc(151)] SuspendThread: Access is denied. (0x5)
[0124/192609.244:ERROR:process_reader_win.cc(151)] SuspendThread: Access is denied. (0x5)
[0124/192609.244:ERROR:process_reader_win.cc(151)] SuspendThread: Access is denied. (0x5)
[0124/192609.244:ERROR:process_reader_win.cc(151)] SuspendThread: Access is denied. (0x5)
[0124/192609.244:ERROR:process_reader_win.cc(151)] SuspendThread: Access is denied. (0x5)
[0124/192609.244:ERROR:process_reader_win.cc(151)] SuspendThread: Access is denied. (0x5)
[0124/192609.244:ERROR:process_reader_win.cc(151)] SuspendThread: Access is denied. (0x5)
[0124/192609.245:ERROR:process_reader_win.cc(151)] SuspendThread: Access is denied. (0x5)
[0124/192609.245:ERROR:process_reader_win.cc(151)] SuspendThread: Access is denied. (0x5)
[0124/192609.245:ERROR:process_reader_win.cc(151)] SuspendThread: Access is denied. (0x5)
[0124/192609.245:ERROR:process_reader_win.cc(151)] SuspendThread: Access is denied. (0x5)
[0124/192609.245:ERROR:process_reader_win.cc(151)] SuspendThread: Access is denied. (0x5)
[0124/192609.245:ERROR:process_reader_win.cc(123)] NtOpenThread: {Access Denied} A process has requested access to an object, but has not been granted those access rights. (0xc0000022)
[0124/192609.245:ERROR:exception_snapshot_win.cc(99)] thread ID 14032 not found in process
[0124/192609.284:ERROR:process_reader_win.cc(151)] SuspendThread: Access is denied. (0x5)
[0124/192609.284:ERROR:process_reader_win.cc(151)] SuspendThread: Access is denied. (0x5)
[0124/192609.284:ERROR:process_reader_win.cc(151)] SuspendThread: Access is denied. (0x5)
[0124/192609.284:ERROR:process_reader_win.cc(151)] SuspendThread: Access is denied. (0x5)
[0124/192609.284:ERROR:process_reader_win.cc(151)] SuspendThread: Access is denied. (0x5)
[0124/192609.284:ERROR:process_reader_win.cc(151)] SuspendThread: Access is denied. (0x5)
[0124/192609.284:ERROR:process_reader_win.cc(151)] SuspendThread: Access is denied. (0x5)
[0124/192609.284:ERROR:process_reader_win.cc(151)] SuspendThread: Access is denied. (0x5)
[0124/192609.284:ERROR:process_reader_win.cc(151)] SuspendThread: Access is denied. (0x5)
[0124/192609.284:ERROR:process_reader_win.cc(151)] SuspendThread: Access is denied. (0x5)
[0124/192609.285:ERROR:process_reader_win.cc(151)] SuspendThread: Access is denied. (0x5)
[0124/192609.285:ERROR:process_reader_win.cc(123)] NtOpenThread: {Access Denied} A process has requested access to an object, but has not been granted those access rights. (0xc0000022)
[0124/192609.285:ERROR:exception_snapshot_win.cc(99)] thread ID 11008 not found in process
[0124/192609.291:ERROR:process_reader_win.cc(151)] SuspendThread: Access is denied. (0x5)
[0124/192609.291:ERROR:process_reader_win.cc(151)] SuspendThread: Access is denied. (0x5)
[0124/192609.291:ERROR:process_reader_win.cc(151)] SuspendThread: Access is denied. (0x5)
[0124/192609.291:ERROR:process_reader_win.cc(151)] SuspendThread: Access is denied. (0x5)
[0124/192609.291:ERROR:process_reader_win.cc(151)] SuspendThread: Access is denied. (0x5)
[0124/192609.291:ERROR:process_reader_win.cc(151)] SuspendThread: Access is denied. (0x5)
[0124/192609.291:ERROR:process_reader_win.cc(151)] SuspendThread: Access is denied. (0x5)
[0124/192609.291:ERROR:process_reader_win.cc(151)] SuspendThread: Access is denied. (0x5)
[0124/192609.291:ERROR:process_reader_win.cc(151)] SuspendThread: Access is denied. (0x5)
[0124/192609.291:ERROR:process_reader_win.cc(151)] SuspendThread: Access is denied. (0x5)
[0124/192609.291:ERROR:process_reader_win.cc(151)] SuspendThread: Access is denied. (0x5)
[0124/192609.291:ERROR:process_reader_win.cc(151)] SuspendThread: Access is denied. (0x5)
[0124/192609.291:ERROR:process_reader_win.cc(151)] SuspendThread: Access is denied. (0x5)
[0124/192609.291:ERROR:process_reader_win.cc(123)] NtOpenThread: {Access Denied} A process has requested access to an object, but has not been granted those access rights. (0xc0000022)
[0124/192609.291:ERROR:exception_snapshot_win.cc(99)] thread ID 8360 not found in process
[0124/192609.303:ERROR:process_reader_win.cc(151)] SuspendThread: Access is denied. (0x5)
[0124/192609.303:ERROR:process_reader_win.cc(151)] SuspendThread: Access is denied. (0x5)
[0124/192609.304:ERROR:process_reader_win.cc(151)] SuspendThread: Access is denied. (0x5)
[0124/192609.304:ERROR:process_reader_win.cc(151)] SuspendThread: Access is denied. (0x5)
[0124/192609.304:ERROR:process_reader_win.cc(151)] SuspendThread: Access is denied. (0x5)
[0124/192609.304:ERROR:process_reader_win.cc(151)] SuspendThread: Access is denied. (0x5)
[0124/192609.304:ERROR:process_reader_win.cc(151)] SuspendThread: Access is denied. (0x5)
[0124/192609.304:ERROR:process_reader_win.cc(151)] SuspendThread: Access is denied. (0x5)
[0124/192609.304:ERROR:process_reader_win.cc(151)] SuspendThread: Access is denied. (0x5)
[0124/192609.304:ERROR:process_reader_win.cc(151)] SuspendThread: Access is denied. (0x5)
[0124/192609.304:ERROR:process_reader_win.cc(151)] SuspendThread: Access is denied. (0x5)
[0124/192609.304:ERROR:process_reader_win.cc(151)] SuspendThread: Access is denied. (0x5)
[0124/192609.304:ERROR:process_reader_win.cc(151)] SuspendThread: Access is denied. (0x5)
[0124/192609.304:ERROR:process_reader_win.cc(123)] NtOpenThread: {Access Denied} A process has requested access to an object, but has not been granted those access rights. (0xc0000022)
[0124/192609.304:ERROR:exception_snapshot_win.cc(99)] thread ID 12120 not found in process
[0124/192609.344:ERROR:process_reader_win.cc(151)] SuspendThread: Access is denied. (0x5)
[0124/192609.344:ERROR:process_reader_win.cc(151)] SuspendThread: Access is denied. (0x5)
[0124/192609.344:ERROR:process_reader_win.cc(151)] SuspendThread: Access is denied. (0x5)
[0124/192609.344:ERROR:process_reader_win.cc(151)] SuspendThread: Access is denied. (0x5)
[0124/192609.344:ERROR:process_reader_win.cc(151)] SuspendThread: Access is denied. (0x5)
[0124/192609.344:ERROR:process_reader_win.cc(151)] SuspendThread: Access is denied. (0x5)
[0124/192609.344:ERROR:process_reader_win.cc(151)] SuspendThread: Access is denied. (0x5)
[0124/192609.344:ERROR:process_reader_win.cc(151)] SuspendThread: Access is denied. (0x5)
[0124/192609.344:ERROR:process_reader_win.cc(151)] SuspendThread: Access is denied. (0x5)
[0124/192609.344:ERROR:process_reader_win.cc(151)] SuspendThread: Access is denied. (0x5)
[0124/192609.344:ERROR:process_reader_win.cc(151)] SuspendThread: Access is denied. (0x5)
[0124/192609.344:ERROR:process_reader_win.cc(151)] SuspendThread: Access is denied. (0x5)
[0124/192609.344:ERROR:process_reader_win.cc(151)] SuspendThread: Access is denied. (0x5)
[0124/192609.344:ERROR:process_reader_win.cc(123)] NtOpenThread: {Access Denied} A process has requested access to an object, but has not been granted those access rights. (0xc0000022)
[0124/192609.344:ERROR:exception_snapshot_win.cc(99)] thread ID 12564 not found in process
[0124/192609.345:ERROR:process_reader_win.cc(151)] SuspendThread: Access is denied. (0x5)
[0124/192609.345:ERROR:process_reader_win.cc(151)] SuspendThread: Access is denied. (0x5)
[0124/192609.345:ERROR:process_reader_win.cc(151)] SuspendThread: Access is denied. (0x5)
[0124/192609.345:ERROR:process_reader_win.cc(151)] SuspendThread: Access is denied. (0x5)
[0124/192609.345:ERROR:process_reader_win.cc(151)] SuspendThread: Access is denied. (0x5)
[0124/192609.345:ERROR:process_reader_win.cc(151)] SuspendThread: Access is denied. (0x5)
[0124/192609.345:ERROR:process_reader_win.cc(151)] SuspendThread: Access is denied. (0x5)
[0124/192609.345:ERROR:process_reader_win.cc(151)] SuspendThread: Access is denied. (0x5)
[0124/192609.345:ERROR:process_reader_win.cc(151)] SuspendThread: Access is denied. (0x5)
[0124/192609.345:ERROR:process_reader_win.cc(151)] SuspendThread: Access is denied. (0x5)
[0124/192609.345:ERROR:process_reader_win.cc(151)] SuspendThread: Access is denied. (0x5)
[0124/192609.345:ERROR:process_reader_win.cc(151)] SuspendThread: Access is denied. (0x5)
[0124/192609.346:ERROR:process_reader_win.cc(151)] SuspendThread: Access is denied. (0x5)
[0124/192609.346:ERROR:process_reader_win.cc(123)] NtOpenThread: {Access Denied} A process has requested access to an object, but has not been granted those access rights. (0xc0000022)
[0124/192609.346:ERROR:exception_snapshot_win.cc(99)] thread ID 6736 not found in process
[0124/192609.364:ERROR:process_reader_win.cc(151)] SuspendThread: Access is denied. (0x5)
[0124/192609.364:ERROR:process_reader_win.cc(151)] SuspendThread: Access is denied. (0x5)
[0124/192609.364:ERROR:process_reader_win.cc(151)] SuspendThread: Access is denied. (0x5)
[0124/192609.364:ERROR:process_reader_win.cc(151)] SuspendThread: Access is denied. (0x5)
[0124/192609.364:ERROR:process_reader_win.cc(151)] SuspendThread: Access is denied. (0x5)
[0124/192609.364:ERROR:process_reader_win.cc(151)] SuspendThread: Access is denied. (0x5)
[0124/192609.364:ERROR:process_reader_win.cc(151)] SuspendThread: Access is denied. (0x5)
[0124/192609.364:ERROR:process_reader_win.cc(151)] SuspendThread: Access is denied. (0x5)
[0124/192609.365:ERROR:process_reader_win.cc(151)] SuspendThread: Access is denied. (0x5)
[0124/192609.365:ERROR:process_reader_win.cc(151)] SuspendThread: Access is denied. (0x5)
[0124/192609.365:ERROR:process_reader_win.cc(151)] SuspendThread: Access is denied. (0x5)
[0124/192609.365:ERROR:process_reader_win.cc(151)] SuspendThread: Access is denied. (0x5)
[0124/192609.365:ERROR:process_reader_win.cc(151)] SuspendThread: Access is denied. (0x5)
[0124/192609.365:ERROR:process_reader_win.cc(123)] NtOpenThread: {Access Denied} A process has requested access to an object, but has not been granted those access rights. (0xc0000022)
[0124/192609.365:ERROR:exception_snapshot_win.cc(99)] thread ID 10732 not found in process
[0124/192609.389:ERROR:process_reader_win.cc(151)] SuspendThread: Access is denied. (0x5)
[0124/192609.389:ERROR:process_reader_win.cc(151)] SuspendThread: Access is denied. (0x5)
[0124/192609.389:ERROR:process_reader_win.cc(151)] SuspendThread: Access is denied. (0x5)
[0124/192609.389:ERROR:process_reader_win.cc(151)] SuspendThread: Access is denied. (0x5)
[0124/192609.390:ERROR:process_reader_win.cc(151)] SuspendThread: Access is denied. (0x5)
[0124/192609.390:ERROR:process_reader_win.cc(151)] SuspendThread: Access is denied. (0x5)
[0124/192609.390:ERROR:process_reader_win.cc(151)] SuspendThread: Access is denied. (0x5)
[0124/192609.390:ERROR:process_reader_win.cc(151)] SuspendThread: Access is denied. (0x5)
[0124/192609.390:ERROR:process_reader_win.cc(151)] SuspendThread: Access is denied. (0x5)
[0124/192609.390:ERROR:process_reader_win.cc(151)] SuspendThread: Access is denied. (0x5)
[0124/192609.390:ERROR:process_reader_win.cc(151)] SuspendThread: Access is denied. (0x5)
[0124/192609.390:ERROR:process_reader_win.cc(151)] SuspendThread: Access is denied. (0x5)
[0124/192609.390:ERROR:process_reader_win.cc(151)] SuspendThread: Access is denied. (0x5)
[0124/192609.390:ERROR:process_reader_win.cc(123)] NtOpenThread: {Access Denied} A process has requested access to an object, but has not been granted those access rights. (0xc0000022)
[0124/192609.390:ERROR:exception_snapshot_win.cc(99)] thread ID 15440 not found in process
[0124/192609.398:ERROR:process_reader_win.cc(151)] SuspendThread: Access is denied. (0x5)
[0124/192609.398:ERROR:process_reader_win.cc(151)] SuspendThread: Access is denied. (0x5)
[0124/192609.398:ERROR:process_reader_win.cc(151)] SuspendThread: Access is denied. (0x5)
[0124/192609.398:ERROR:process_reader_win.cc(151)] SuspendThread: Access is denied. (0x5)
[0124/192609.398:ERROR:process_reader_win.cc(151)] SuspendThread: Access is denied. (0x5)
[0124/192609.398:ERROR:process_reader_win.cc(151)] SuspendThread: Access is denied. (0x5)
[0124/192609.398:ERROR:process_reader_win.cc(151)] SuspendThread: Access is denied. (0x5)
[0124/192609.398:ERROR:process_reader_win.cc(151)] SuspendThread: Access is denied. (0x5)
[0124/192609.398:ERROR:process_reader_win.cc(151)] SuspendThread: Access is denied. (0x5)
[0124/192609.398:ERROR:process_reader_win.cc(151)] SuspendThread: Access is denied. (0x5)
[0124/192609.398:ERROR:process_reader_win.cc(151)] SuspendThread: Access is denied. (0x5)
[0124/192609.398:ERROR:process_reader_win.cc(151)] SuspendThread: Access is denied. (0x5)
[0124/192609.398:ERROR:process_reader_win.cc(151)] SuspendThread: Access is denied. (0x5)
[0124/192609.398:ERROR:process_reader_win.cc(151)] SuspendThread: Access is denied. (0x5)
[0124/192609.398:ERROR:process_reader_win.cc(123)] NtOpenThread: {Access Denied} A process has requested access to an object, but has not been granted those access rights. (0xc0000022)
[0124/192609.398:ERROR:exception_snapshot_win.cc(99)] thread ID 976 not found in process
[0124/192609.421:ERROR:process_reader_win.cc(151)] SuspendThread: Access is denied. (0x5)
[0124/192609.421:ERROR:process_reader_win.cc(151)] SuspendThread: Access is denied. (0x5)
[0124/192609.421:ERROR:process_reader_win.cc(151)] SuspendThread: Access is denied. (0x5)
[0124/192609.421:ERROR:process_reader_win.cc(151)] SuspendThread: Access is denied. (0x5)
[0124/192609.421:ERROR:process_reader_win.cc(151)] SuspendThread: Access is denied. (0x5)
[0124/192609.422:ERROR:process_reader_win.cc(151)] SuspendThread: Access is denied. (0x5)
[0124/192609.422:ERROR:process_reader_win.cc(151)] SuspendThread: Access is denied. (0x5)
[0124/192609.422:ERROR:process_reader_win.cc(151)] SuspendThread: Access is denied. (0x5)
[0124/192609.422:ERROR:process_reader_win.cc(151)] SuspendThread: Access is denied. (0x5)
[0124/192609.422:ERROR:process_reader_win.cc(151)] SuspendThread: Access is denied. (0x5)
[0124/192609.422:ERROR:process_reader_win.cc(151)] SuspendThread: Access is denied. (0x5)
[0124/192609.422:ERROR:process_reader_win.cc(151)] SuspendThread: Access is denied. (0x5)
[0124/192609.422:ERROR:process_reader_win.cc(151)] SuspendThread: Access is denied. (0x5)
[0124/192609.422:ERROR:process_reader_win.cc(151)] SuspendThread: Access is denied. (0x5)
[0124/192609.422:ERROR:process_reader_win.cc(123)] NtOpenThread: {Access Denied} A process has requested access to an object, but has not been granted those access rights. (0xc0000022)
[0124/192609.422:ERROR:exception_snapshot_win.cc(99)] thread ID 12140 not found in process
[0124/192609.424:ERROR:process_reader_win.cc(151)] SuspendThread: Access is denied. (0x5)
[0124/192609.424:ERROR:process_reader_win.cc(151)] SuspendThread: Access is denied. (0x5)
[0124/192609.424:ERROR:process_reader_win.cc(151)] SuspendThread: Access is denied. (0x5)
[0124/192609.424:ERROR:process_reader_win.cc(151)] SuspendThread: Access is denied. (0x5)
[0124/192609.424:ERROR:process_reader_win.cc(151)] SuspendThread: Access is denied. (0x5)
[0124/192609.424:ERROR:process_reader_win.cc(151)] SuspendThread: Access is denied. (0x5)
[0124/192609.424:ERROR:process_reader_win.cc(151)] SuspendThread: Access is denied. (0x5)
[0124/192609.424:ERROR:process_reader_win.cc(151)] SuspendThread: Access is denied. (0x5)
[0124/192609.424:ERROR:process_reader_win.cc(151)] SuspendThread: Access is denied. (0x5)
[0124/192609.424:ERROR:process_reader_win.cc(151)] SuspendThread: Access is denied. (0x5)
[0124/192609.424:ERROR:process_reader_win.cc(151)] SuspendThread: Access is denied. (0x5)
[0124/192609.424:ERROR:process_reader_win.cc(123)] NtOpenThread: {Access Denied} A process has requested access to an object, but has not been granted those access rights. (0xc0000022)
[0124/192609.425:ERROR:exception_snapshot_win.cc(99)] thread ID 12480 not found in process
[0124/192609.451:ERROR:process_reader_win.cc(151)] SuspendThread: Access is denied. (0x5)
[0124/192609.451:ERROR:process_reader_win.cc(151)] SuspendThread: Access is denied. (0x5)
[0124/192609.451:ERROR:process_reader_win.cc(151)] SuspendThread: Access is denied. (0x5)
[0124/192609.451:ERROR:process_reader_win.cc(151)] SuspendThread: Access is denied. (0x5)
[0124/192609.451:ERROR:process_reader_win.cc(151)] SuspendThread: Access is denied. (0x5)
[0124/192609.451:ERROR:process_reader_win.cc(151)] SuspendThread: Access is denied. (0x5)
[0124/192609.451:ERROR:process_reader_win.cc(151)] SuspendThread: Access is denied. (0x5)
[0124/192609.451:ERROR:process_reader_win.cc(151)] SuspendThread: Access is denied. (0x5)
[0124/192609.451:ERROR:process_reader_win.cc(151)] SuspendThread: Access is denied. (0x5)
[0124/192609.451:ERROR:process_reader_win.cc(151)] SuspendThread: Access is denied. (0x5)
[0124/192609.451:ERROR:process_reader_win.cc(151)] SuspendThread: Access is denied. (0x5)
[0124/192609.451:ERROR:process_reader_win.cc(151)] SuspendThread: Access is denied. (0x5)
[0124/192609.451:ERROR:process_reader_win.cc(151)] SuspendThread: Access is denied. (0x5)
[0124/192609.451:ERROR:process_reader_win.cc(151)] SuspendThread: Access is denied. (0x5)
[0124/192609.451:ERROR:process_reader_win.cc(151)] SuspendThread: Access is denied. (0x5)
[0124/192609.451:ERROR:process_reader_win.cc(151)] SuspendThread: Access is denied. (0x5)
[0124/192609.451:ERROR:process_reader_win.cc(151)] SuspendThread: Access is denied. (0x5)
[0124/192609.451:ERROR:process_reader_win.cc(151)] SuspendThread: Access is denied. (0x5)
[0124/192609.452:ERROR:process_reader_win.cc(151)] SuspendThread: Access is denied. (0x5)
[0124/192609.452:ERROR:process_reader_win.cc(151)] SuspendThread: Access is denied. (0x5)
[0124/192609.452:ERROR:process_reader_win.cc(151)] SuspendThread: Access is denied. (0x5)
[0124/192609.452:ERROR:process_reader_win.cc(151)] SuspendThread: Access is denied. (0x5)
[0124/192609.452:ERROR:process_reader_win.cc(123)] NtOpenThread: {Access Denied} A process has requested access to an object, but has not been granted those access rights. (0xc0000022)
[0124/192609.452:ERROR:process_reader_win.cc(151)] SuspendThread: Access is denied. (0x5)
[0124/192609.452:ERROR:process_reader_win.cc(123)] NtOpenThread: {Access Denied} A process has requested access to an object, but has not been granted those access rights. (0xc0000022)
[0124/192609.452:ERROR:exception_snapshot_win.cc(99)] thread ID 7240 not found in process
[0124/192609.452:ERROR:exception_snapshot_win.cc(99)] thread ID 9076 not found in process
[0124/192609.493:ERROR:process_reader_win.cc(151)] SuspendThread: Access is denied. (0x5)
[0124/192609.493:ERROR:process_reader_win.cc(151)] SuspendThread: Access is denied. (0x5)
[0124/192609.494:ERROR:process_reader_win.cc(151)] SuspendThread: Access is denied. (0x5)
[0124/192609.494:ERROR:process_reader_win.cc(151)] SuspendThread: Access is denied. (0x5)
[0124/192609.494:ERROR:process_reader_win.cc(151)] SuspendThread: Access is denied. (0x5)
[0124/192609.494:ERROR:process_reader_win.cc(151)] SuspendThread: Access is denied. (0x5)
[0124/192609.494:ERROR:process_reader_win.cc(151)] SuspendThread: Access is denied. (0x5)
[0124/192609.494:ERROR:process_reader_win.cc(151)] SuspendThread: Access is denied. (0x5)
[0124/192609.494:ERROR:process_reader_win.cc(151)] SuspendThread: Access is denied. (0x5)
[0124/192609.494:ERROR:process_reader_win.cc(151)] SuspendThread: Access is denied. (0x5)
[0124/192609.494:ERROR:process_reader_win.cc(151)] SuspendThread: Access is denied. (0x5)
[0124/192609.494:ERROR:process_reader_win.cc(151)] SuspendThread: Access is denied. (0x5)
[0124/192609.494:ERROR:process_reader_win.cc(151)] SuspendThread: Access is denied. (0x5)
[0124/192609.494:ERROR:process_reader_win.cc(151)] SuspendThread: Access is denied. (0x5)
[0124/192609.494:ERROR:process_reader_win.cc(151)] SuspendThread: Access is denied. (0x5)
[0124/192609.494:ERROR:process_reader_win.cc(151)] SuspendThread: Access is denied. (0x5)
[0124/192609.494:ERROR:process_reader_win.cc(151)] SuspendThread: Access is denied. (0x5)
[0124/192609.494:ERROR:process_reader_win.cc(151)] SuspendThread: Access is denied. (0x5)
[0124/192609.494:ERROR:process_reader_win.cc(151)] SuspendThread: Access is denied. (0x5)
[0124/192609.494:ERROR:process_reader_win.cc(151)] SuspendThread: Access is denied. (0x5)
[0124/192609.494:ERROR:process_reader_win.cc(151)] SuspendThread: Access is denied. (0x5)
[0124/192609.494:ERROR:process_reader_win.cc(151)] SuspendThread: Access is denied. (0x5)
[0124/192609.494:ERROR:process_reader_win.cc(151)] SuspendThread: Access is denied. (0x5)
[0124/192609.494:ERROR:process_reader_win.cc(151)] SuspendThread: Access is denied. (0x5)
[0124/192609.494:ERROR:process_reader_win.cc(151)] SuspendThread: Access is denied. (0x5)
[0124/192609.494:ERROR:process_reader_win.cc(151)] SuspendThread: Access is denied. (0x5)
[0124/192609.494:ERROR:process_reader_win.cc(151)] SuspendThread: Access is denied. (0x5)
[0124/192609.494:ERROR:process_reader_win.cc(123)] NtOpenThread: {Access Denied} A process has requested access to an object, but has not been granted those access rights. (0xc0000022)
[0124/192609.494:ERROR:process_reader_win.cc(151)] SuspendThread: Access is denied. (0x5)
[0124/192609.494:ERROR:process_reader_win.cc(123)] NtOpenThread: {Access Denied} A process has requested access to an object, but has not been granted those access rights. (0xc0000022)
[0124/192609.494:ERROR:exception_snapshot_win.cc(99)] thread ID 6440 not found in process
[0124/192609.494:ERROR:exception_snapshot_win.cc(99)] thread ID 2564 not found in process
[0124/192609.515:ERROR:process_reader_win.cc(151)] SuspendThread: Access is denied. (0x5)
[0124/192609.515:ERROR:process_reader_win.cc(151)] SuspendThread: Access is denied. (0x5)
[0124/192609.515:ERROR:process_reader_win.cc(151)] SuspendThread: Access is denied. (0x5)
[0124/192609.515:ERROR:process_reader_win.cc(151)] SuspendThread: Access is denied. (0x5)
[0124/192609.515:ERROR:process_reader_win.cc(151)] SuspendThread: Access is denied. (0x5)
[0124/192609.515:ERROR:process_reader_win.cc(151)] SuspendThread: Access is denied. (0x5)
[0124/192609.515:ERROR:process_reader_win.cc(151)] SuspendThread: Access is denied. (0x5)
[0124/192609.515:ERROR:process_reader_win.cc(151)] SuspendThread: Access is denied. (0x5)
[0124/192609.515:ERROR:process_reader_win.cc(151)] SuspendThread: Access is denied. (0x5)
[0124/192609.515:ERROR:process_reader_win.cc(151)] SuspendThread: Access is denied. (0x5)
[0124/192609.515:ERROR:process_reader_win.cc(151)] SuspendThread: Access is denied. (0x5)
[0124/192609.515:ERROR:process_reader_win.cc(151)] SuspendThread: Access is denied. (0x5)
[0124/192609.515:ERROR:process_reader_win.cc(151)] SuspendThread: Access is denied. (0x5)
[0124/192609.515:ERROR:process_reader_win.cc(123)] NtOpenThread: {Access Denied} A process has requested access to an object, but has not been granted those access rights. (0xc0000022)
[0124/192609.515:ERROR:exception_snapshot_win.cc(99)] thread ID 7596 not found in process
[0124/192609.519:ERROR:process_reader_win.cc(151)] SuspendThread: Access is denied. (0x5)
[0124/192609.519:ERROR:process_reader_win.cc(151)] SuspendThread: Access is denied. (0x5)
[0124/192609.520:ERROR:process_reader_win.cc(151)] SuspendThread: Access is denied. (0x5)
[0124/192609.520:ERROR:process_reader_win.cc(151)] SuspendThread: Access is denied. (0x5)
[0124/192609.520:ERROR:process_reader_win.cc(151)] SuspendThread: Access is denied. (0x5)
[0124/192609.520:ERROR:process_reader_win.cc(151)] SuspendThread: Access is denied. (0x5)
[0124/192609.520:ERROR:process_reader_win.cc(151)] SuspendThread: Access is denied. (0x5)
[0124/192609.520:ERROR:process_reader_win.cc(151)] SuspendThread: Access is denied. (0x5)
[0124/192609.520:ERROR:process_reader_win.cc(151)] SuspendThread: Access is denied. (0x5)
[0124/192609.520:ERROR:process_reader_win.cc(151)] SuspendThread: Access is denied. (0x5)
[0124/192609.520:ERROR:process_reader_win.cc(151)] SuspendThread: Access is denied. (0x5)
[0124/192609.520:ERROR:process_reader_win.cc(151)] SuspendThread: Access is denied. (0x5)
[0124/192609.520:ERROR:process_reader_win.cc(151)] SuspendThread: Access is denied. (0x5)
[0124/192609.520:ERROR:process_reader_win.cc(123)] NtOpenThread: {Access Denied} A process has requested access to an object, but has not been granted those access rights. (0xc0000022)
[0124/192609.520:ERROR:exception_snapshot_win.cc(99)] thread ID 16376 not found in process
[0124/192609.540:ERROR:process_reader_win.cc(151)] SuspendThread: Access is denied. (0x5)
[0124/192609.540:ERROR:process_reader_win.cc(151)] SuspendThread: Access is denied. (0x5)
[0124/192609.540:ERROR:process_reader_win.cc(151)] SuspendThread: Access is denied. (0x5)
[0124/192609.540:ERROR:process_reader_win.cc(151)] SuspendThread: Access is denied. (0x5)
[0124/192609.541:ERROR:process_reader_win.cc(151)] SuspendThread: Access is denied. (0x5)
[0124/192609.541:ERROR:process_reader_win.cc(151)] SuspendThread: Access is denied. (0x5)
[0124/192609.541:ERROR:process_reader_win.cc(151)] SuspendThread: Access is denied. (0x5)
[0124/192609.541:ERROR:process_reader_win.cc(151)] SuspendThread: Access is denied. (0x5)
[0124/192609.541:ERROR:process_reader_win.cc(151)] SuspendThread: Access is denied. (0x5)
[0124/192609.541:ERROR:process_reader_win.cc(151)] SuspendThread: Access is denied. (0x5)
[0124/192609.541:ERROR:process_reader_win.cc(151)] SuspendThread: Access is denied. (0x5)
[0124/192609.541:ERROR:process_reader_win.cc(151)] SuspendThread: Access is denied. (0x5)
[0124/192609.541:ERROR:process_reader_win.cc(123)] NtOpenThread: {Access Denied} A process has requested access to an object, but has not been granted those access rights. (0xc0000022)
[0124/192609.541:ERROR:exception_snapshot_win.cc(99)] thread ID 11456 not found in process
[0124/192609.549:ERROR:process_reader_win.cc(151)] SuspendThread: Access is denied. (0x5)
[0124/192609.549:ERROR:process_reader_win.cc(151)] SuspendThread: Access is denied. (0x5)
[0124/192609.549:ERROR:process_reader_win.cc(151)] SuspendThread: Access is denied. (0x5)
[0124/192609.549:ERROR:process_reader_win.cc(151)] SuspendThread: Access is denied. (0x5)
[0124/192609.549:ERROR:process_reader_win.cc(151)] SuspendThread: Access is denied. (0x5)
[0124/192609.549:ERROR:process_reader_win.cc(151)] SuspendThread: Access is denied. (0x5)
[0124/192609.549:ERROR:process_reader_win.cc(151)] SuspendThread: Access is denied. (0x5)
[0124/192609.549:ERROR:process_reader_win.cc(151)] SuspendThread: Access is denied. (0x5)
[0124/192609.549:ERROR:process_reader_win.cc(151)] SuspendThread: Access is denied. (0x5)
[0124/192609.549:ERROR:process_reader_win.cc(151)] SuspendThread: Access is denied. (0x5)
[0124/192609.549:ERROR:process_reader_win.cc(123)] NtOpenThread: {Access Denied} A process has requested access to an object, but has not been granted those access rights. (0xc0000022)
[0124/192609.549:ERROR:exception_snapshot_win.cc(99)] thread ID 13024 not found in process
[0125/040750.508:ERROR:directory_reader_win.cc(43)] FindFirstFile: The system cannot find the path specified. (0x3)
[0125/121707.937:ERROR:directory_reader_win.cc(43)] FindFirstFile: The system cannot find the path specified. (0x3)
[0125/134050.829:ERROR:directory_reader_win.cc(43)] FindFirstFile: The system cannot find the path specified. (0x3)
[0126/062636.846:ERROR:directory_reader_win.cc(43)] FindFirstFile: The system cannot find the path specified. (0x3)
[0127/024850.072:ERROR:directory_reader_win.cc(43)] FindFirstFile: The system cannot find the path specified. (0x3)
